Downloading https://services.gradle.org/distributions/gradle-8.14-bin.zip
.............10%.............20%.............30%.............40%.............50%.............60%.............70%.............80%.............90%..............100%

Welcome to Gradle 8.14!

Here are the highlights of this release:
 - Java 24 support
 - GraalVM Native Image toolchain selection
 - Enhancements to test reporting
 - Build Authoring improvements

For more details see https://docs.gradle.org/8.14/release-notes.html

To honour the JVM settings for this build a single-use Daemon process will be forked. For more on this, please refer to https://docs.gradle.org/8.14/userguide/gradle_daemon.html#sec:disabling_the_daemon in the Gradle documentation.
Daemon will be stopped at the end of the build 
> Task :libui:preBuild UP-TO-DATE
> Task :libcom:preBuild UP-TO-DATE
> Task :RangeSeekBar:preBuild UP-TO-DATE
> Task :libir:preBuild UP-TO-DATE
> Task :component:edit3d:preBuild UP-TO-DATE
> Task :libapp:preBuild UP-TO-DATE
> Task :libmenu:preBuild UP-TO-DATE
> Task :component:edit3d:preDebugBuild UP-TO-DATE
> Task :libui:preDebugBuild UP-TO-DATE
> Task :RangeSeekBar:preDebugBuild UP-TO-DATE
> Task :libmenu:preDebugBuild UP-TO-DATE
> Task :libcom:preDebugBuild UP-TO-DATE
> Task :libir:preDebugBuild UP-TO-DATE
> Task :libapp:preDebugBuild UP-TO-DATE
> Task :libmenu:generateDebugResValues
> Task :libcom:generateDebugResValues
> Task :libui:generateDebugResValues
> Task :libir:generateDebugResValues
> Task :component:edit3d:generateDebugResValues
> Task :RangeSeekBar:generateDebugResValues
> Task :libir:generateDebugResources
> Task :component:edit3d:generateDebugResources
> Task :libcom:generateDebugResources
> Task :libmenu:generateDebugResources
> Task :libmenu:checkKotlinGradlePluginConfigurationErrors SKIPPED
> Task :libui:generateDebugResources
> Task :libui:checkKotlinGradlePluginConfigurationErrors SKIPPED
> Task :RangeSeekBar:generateDebugResources
> Task :libmenu:dataBindingTriggerDebug
> Task :libui:javaPreCompileDebug
> Task :component:pseudo:preBuild UP-TO-DATE
> Task :component:pseudo:preDebugBuild UP-TO-DATE
> Task :component:pseudo:generateDebugResValues FROM-CACHE
> Task :component:pseudo:generateDebugResources
> Task :component:pseudo:checkKotlinGradlePluginConfigurationErrors SKIPPED
